# JRE version: Java(TM) SE Runtime Environment (8.0_152-b16) (build 1.8.0_152-b16)
# Java VM: Java HotSpot(TM) 64-Bit Server VM (25.152-b16 mixed mode bsd-amd64 compressed oops)
Heap:
 PSYoungGen      total 50688K, used 6101K [0x000000076ab00000, 0x000000076f180000, 0x00000007c0000000)
  eden space 50176K, 11% used [0x000000076ab00000,0x000000076b077b68,0x000000076dc00000)
  from space 512K, 98% used [0x000000076f100000,0x000000076f17db78,0x000000076f180000)
  to   space 1024K, 0% used [0x000000076ef80000,0x000000076ef80000,0x000000076f080000)
 ParOldGen       total 231936K, used 70091K [0x00000006c0000000, 0x00000006ce280000, 0x000000076ab00000)
  object space 231936K, 30% used [0x00000006c0000000,0x00000006c4472c70,0x00000006ce280000)
 Metaspace       used 77733K, capacity 80258K, committed 80408K, reserved 1120256K
  class space    used 9194K, capacity 9761K, committed 9776K, reserved 1048576K
GC Heap History (10 events):
Event: 6199.716 GC heap before
{Heap before GC invocations=601 (full 3):
 PSYoungGen      total 50688K, used 50656K [0x000000076ab00000, 0x000000076f200000, 0x00000007c0000000)
  eden space 50176K, 100% used [0x000000076ab00000,0x000000076dc00000,0x000000076dc00000)
  from space 512K, 93% used [0x000000076f100000,0x000000076f178060,0x000000076f180000)
  to   space 512K, 0% used [0x000000076f180000,0x000000076f180000,0x000000076f200000)
 ParOldGen       total 231936K, used 69681K [0x00000006c0000000, 0x00000006ce280000, 0x000000076ab00000)
  object space 231936K, 30% used [0x00000006c0000000,0x00000006c440c6b0,0x00000006ce280000)
 Metaspace       used 77684K, capacity 80194K, committed 80408K, reserved 1120256K
  class space    used 9192K, capacity 9761K, committed 9776K, reserved 1048576K
Event: 6199.811 GC heap after
Heap after GC invocations=601 (full 3):
 PSYoungGen      total 50688K, used 480K [0x000000076ab00000, 0x000000076f200000, 0x00000007c0000000)
  eden space 50176K, 0% used [0x000000076ab00000,0x000000076ab00000,0x000000076dc00000)
  from space 512K, 93% used [0x000000076f180000,0x000000076f1f8040,0x000000076f200000)
  to   space 1024K, 0% used [0x000000076f000000,0x000000076f000000,0x000000076f100000)
 ParOldGen       total 231936K, used 70003K [0x00000006c0000000, 0x00000006ce280000, 0x000000076ab00000)
  object space 231936K, 30% used [0x00000006c0000000,0x00000006c445cf20,0x00000006ce280000)
 Metaspace       used 77684K, capacity 80194K, committed 80408K, reserved 1120256K
  class space    used 9192K, capacity 9761K, committed 9776K, reserved 1048576K
}
Event: 6213.616 GC heap before
{Heap before GC invocations=602 (full 3):
 PSYoungGen      total 50688K, used 50656K [0x000000076ab00000, 0x000000076f200000, 0x00000007c0000000)
  eden space 50176K, 100% used [0x000000076ab00000,0x000000076dc00000,0x000000076dc00000)
  from space 512K, 93% used [0x000000076f180000,0x000000076f1f8040,0x000000076f200000)
  to   space 1024K, 0% used [0x000000076f000000,0x000000076f000000,0x000000076f100000)
 ParOldGen       total 231936K, used 70003K [0x00000006c0000000, 0x00000006ce280000, 0x000000076ab00000)
  object space 231936K, 30% used [0x00000006c0000000,0x00000006c445cf20,0x00000006ce280000)
 Metaspace       used 77713K, capacity 80258K, committed 80408K, reserved 1120256K
  class space    used 9194K, capacity 9761K, committed 9776K, reserved 1048576K
Event: 6213.655 GC heap after
Heap after GC invocations=602 (full 3):
 PSYoungGen      total 51200K, used 608K [0x000000076ab00000, 0x000000076f200000, 0x00000007c0000000)
  eden space 50176K, 0% used [0x000000076ab00000,0x000000076ab00000,0x000000076dc00000)
  from space 1024K, 59% used [0x000000076f000000,0x000000076f098040,0x000000076f100000)
  to   space 1024K, 0% used [0x000000076f100000,0x000000076f100000,0x000000076f200000)
 ParOldGen       total 231936K, used 70011K [0x00000006c0000000, 0x00000006ce280000, 0x000000076ab00000)
  object space 231936K, 30% used [0x00000006c0000000,0x00000006c445ef20,0x00000006ce280000)
 Metaspace       used 77713K, capacity 80258K, committed 80408K, reserved 1120256K
  class space    used 9194K, capacity 9761K, committed 9776K, reserved 1048576K
}
Event: 6227.108 GC heap before
{Heap before GC invocations=603 (full 3):
 PSYoungGen      total 51200K, used 50784K [0x000000076ab00000, 0x000000076f200000, 0x00000007c0000000)
  eden space 50176K, 100% used [0x000000076ab00000,0x000000076dc00000,0x000000076dc00000)
  from space 1024K, 59% used [0x000000076f000000,0x000000076f098040,0x000000076f100000)
  to   space 1024K, 0% used [0x000000076f100000,0x000000076f100000,0x000000076f200000)
 ParOldGen       total 231936K, used 70011K [0x00000006c0000000, 0x00000006ce280000, 0x000000076ab00000)
  object space 231936K, 30% used [0x00000006c0000000,0x00000006c445ef20,0x00000006ce280000)
 Metaspace       used 77717K, capacity 80258K, committed 80408K, reserved 1120256K
  class space    used 9194K, capacity 9761K, committed 9776K, reserved 1048576K
Event: 6227.148 GC heap after
Heap after GC invocations=603 (full 3):
 PSYoungGen      total 51200K, used 630K [0x000000076ab00000, 0x000000076f200000, 0x00000007c0000000)
  eden space 50176K, 0% used [0x000000076ab00000,0x000000076ab00000,0x000000076dc00000)
  from space 1024K, 61% used [0x000000076f100000,0x000000076f19db78,0x000000076f200000)
  to   space 1024K, 0% used [0x000000076f000000,0x000000076f000000,0x000000076f100000)
 ParOldGen       total 231936K, used 70011K [0x00000006c0000000, 0x00000006ce280000, 0x000000076ab00000)
  object space 231936K, 30% used [0x00000006c0000000,0x00000006c445ef20,0x00000006ce280000)
 Metaspace       used 77717K, capacity 80258K, committed 80408K, reserved 1120256K
  class space    used 9194K, capacity 9761K, committed 9776K, reserved 1048576K
}
Event: 6236.193 GC heap before
{Heap before GC invocations=604 (full 3):
 PSYoungGen      total 51200K, used 50806K [0x000000076ab00000, 0x000000076f200000, 0x00000007c0000000)
  eden space 50176K, 100% used [0x000000076ab00000,0x000000076dc00000,0x000000076dc00000)
  from space 1024K, 61% used [0x000000076f100000,0x000000076f19db78,0x000000076f200000)
  to   space 1024K, 0% used [0x000000076f000000,0x000000076f000000,0x000000076f100000)
 ParOldGen       total 231936K, used 70011K [0x00000006c0000000, 0x00000006ce280000, 0x000000076ab00000)
  object space 231936K, 30% used [0x00000006c0000000,0x00000006c445ef20,0x00000006ce280000)
 Metaspace       used 77717K, capacity 80258K, committed 80408K, reserved 1120256K
  class space    used 9194K, capacity 9761K, committed 9776K, reserved 1048576K
Event: 6236.239 GC heap after
Heap after GC invocations=604 (full 3):
 PSYoungGen      total 51200K, used 598K [0x000000076ab00000, 0x000000076f180000, 0x00000007c0000000)
  eden space 50176K, 0% used [0x000000076ab00000,0x000000076ab00000,0x000000076dc00000)
  from space 1024K, 58% used [0x000000076f000000,0x000000076f095b78,0x000000076f100000)
  to   space 512K, 0% used [0x000000076f100000,0x000000076f100000,0x000000076f180000)
 ParOldGen       total 231936K, used 70011K [0x00000006c0000000, 0x00000006ce280000, 0x000000076ab00000)
  object space 231936K, 30% used [0x00000006c0000000,0x00000006c445ef20,0x00000006ce280000)
 Metaspace       used 77717K, capacity 80258K, committed 80408K, reserved 1120256K
  class space    used 9194K, capacity 9761K, committed 9776K, reserved 1048576K
}
Event: 6265.283 GC heap before
{Heap before GC invocations=605 (full 3):
 PSYoungGen      total 51200K, used 50774K [0x000000076ab00000, 0x000000076f180000, 0x00000007c0000000)
  eden space 50176K, 100% used [0x000000076ab00000,0x000000076dc00000,0x000000076dc00000)
  from space 1024K, 58% used [0x000000076f000000,0x000000076f095b78,0x000000076f100000)
  to   space 512K, 0% used [0x000000076f100000,0x000000076f100000,0x000000076f180000)
 ParOldGen       total 231936K, used 70011K [0x00000006c0000000, 0x00000006ce280000, 0x000000076ab00000)
  object space 231936K, 30% used [0x00000006c0000000,0x00000006c445ef20,0x00000006ce280000)
 Metaspace       used 77731K, capacity 80258K, committed 80408K, reserved 1120256K
  class space    used 9194K, capacity 9761K, committed 9776K, reserved 1048576K
Event: 6265.329 GC heap after
Heap after GC invocations=605 (full 3):
 PSYoungGen      total 50688K, used 502K [0x000000076ab00000, 0x000000076f180000, 0x00000007c0000000)
  eden space 50176K, 0% used [0x000000076ab00000,0x000000076ab00000,0x000000076dc00000)
  from space 512K, 98% used [0x000000076f100000,0x000000076f17db78,0x000000076f180000)
  to   space 1024K, 0% used [0x000000076ef80000,0x000000076ef80000,0x000000076f080000)
 ParOldGen       total 231936K, used 70091K [0x00000006c0000000, 0x00000006ce280000, 0x000000076ab00000)
  object space 231936K, 30% used [0x00000006c0000000,0x00000006c4472c70,0x00000006ce280000)
 Metaspace       used 77731K, capacity 80258K, committed 80408K, reserved 1120256K
  class space    used 9194K, capacity 9761K, committed 9776K, reserved 1048576K
}

