# JRE version: Java(TM) SE Runtime Environment (8.0_152-b16) (build 1.8.0_152-b16)
# Java VM: Java HotSpot(TM) 64-Bit Server VM (25.152-b16 mixed mode bsd-amd64 compressed oops)
Heap:
 PSYoungGen      total 237056K, used 65005K [0x000000076ab00000, 0x000000077d580000, 0x00000007c0000000)
  eden space 199168K, 32% used [0x000000076ab00000,0x000000076ea7b5e8,0x0000000776d80000)
  from space 37888K, 0% used [0x0000000778900000,0x0000000778900000,0x000000077ae00000)
  to   space 40448K, 0% used [0x000000077ae00000,0x000000077ae00000,0x000000077d580000)
 ParOldGen       total 342016K, used 69168K [0x00000006c0000000, 0x00000006d4e00000, 0x000000076ab00000)
  object space 342016K, 20% used [0x00000006c0000000,0x00000006c438c2c0,0x00000006d4e00000)
 Metaspace       used 96067K, capacity 98294K, committed 98712K, reserved 1136640K
  class space    used 10064K, capacity 10570K, committed 10664K, reserved 1048576K
GC Heap History (10 events):
Event: 8988.488 GC heap before
{Heap before GC invocations=23 (full 3):
 PSYoungGen      total 218624K, used 214825K [0x000000076ab00000, 0x000000077cc80000, 0x00000007c0000000)
  eden space 180736K, 100% used [0x000000076ab00000,0x0000000775b80000,0x0000000775b80000)
  from space 37888K, 89% used [0x0000000775b80000,0x0000000777cca750,0x0000000778080000)
  to   space 41984K, 0% used [0x000000077a380000,0x000000077a380000,0x000000077cc80000)
 ParOldGen       total 243200K, used 45420K [0x00000006c0000000, 0x00000006ced80000, 0x000000076ab00000)
  object space 243200K, 18% used [0x00000006c0000000,0x00000006c2c5b040,0x00000006ced80000)
 Metaspace       used 82330K, capacity 84570K, committed 84888K, reserved 1124352K
  class space    used 9377K, capacity 9890K, committed 9896K, reserved 1048576K
Event: 8988.517 GC heap after
Heap after GC invocations=23 (full 3):
 PSYoungGen      total 251392K, used 34954K [0x000000076ab00000, 0x000000077d500000, 0x00000007c0000000)
  eden space 209408K, 0% used [0x000000076ab00000,0x000000076ab00000,0x0000000777780000)
  from space 41984K, 83% used [0x000000077a380000,0x000000077c5a29d8,0x000000077cc80000)
  to   space 45056K, 0% used [0x0000000777780000,0x0000000777780000,0x000000077a380000)
 ParOldGen       total 243200K, used 45428K [0x00000006c0000000, 0x00000006ced80000, 0x000000076ab00000)
  object space 243200K, 18% used [0x00000006c0000000,0x00000006c2c5d040,0x00000006ced80000)
 Metaspace       used 82330K, capacity 84570K, committed 84888K, reserved 1124352K
  class space    used 9377K, capacity 9890K, committed 9896K, reserved 1048576K
}
Event: 9000.381 GC heap before
{Heap before GC invocations=24 (full 3):
 PSYoungGen      total 251392K, used 244362K [0x000000076ab00000, 0x000000077d500000, 0x00000007c0000000)
  eden space 209408K, 100% used [0x000000076ab00000,0x0000000777780000,0x0000000777780000)
  from space 41984K, 83% used [0x000000077a380000,0x000000077c5a29d8,0x000000077cc80000)
  to   space 45056K, 0% used [0x0000000777780000,0x0000000777780000,0x000000077a380000)
 ParOldGen       total 243200K, used 45428K [0x00000006c0000000, 0x00000006ced80000, 0x000000076ab00000)
  object space 243200K, 18% used [0x00000006c0000000,0x00000006c2c5d040,0x00000006ced80000)
 Metaspace       used 85437K, capacity 87706K, committed 87960K, reserved 1126400K
  class space    used 9546K, capacity 10082K, committed 10152K, reserved 1048576K
Event: 9000.397 GC heap after
Heap after GC invocations=24 (full 3):
 PSYoungGen      total 254464K, used 37329K [0x000000076ab00000, 0x000000077f800000, 0x00000007c0000000)
  eden space 209408K, 0% used [0x000000076ab00000,0x000000076ab00000,0x0000000777780000)
  from space 45056K, 82% used [0x0000000777780000,0x0000000779bf45f0,0x000000077a380000)
  to   space 48640K, 0% used [0x000000077c880000,0x000000077c880000,0x000000077f800000)
 ParOldGen       total 243200K, used 45436K [0x00000006c0000000, 0x00000006ced80000, 0x000000076ab00000)
  object space 243200K, 18% used [0x00000006c0000000,0x00000006c2c5f040,0x00000006ced80000)
 Metaspace       used 85437K, capacity 87706K, committed 87960K, reserved 1126400K
  class space    used 9546K, capacity 10082K, committed 10152K, reserved 1048576K
}
Event: 9029.589 GC heap before
{Heap before GC invocations=25 (full 3):
 PSYoungGen      total 254464K, used 246737K [0x000000076ab00000, 0x000000077f800000, 0x00000007c0000000)
  eden space 209408K, 100% used [0x000000076ab00000,0x0000000777780000,0x0000000777780000)
  from space 45056K, 82% used [0x0000000777780000,0x0000000779bf45f0,0x000000077a380000)
  to   space 48640K, 0% used [0x000000077c880000,0x000000077c880000,0x000000077f800000)
 ParOldGen       total 243200K, used 45436K [0x00000006c0000000, 0x00000006ced80000, 0x000000076ab00000)
  object space 243200K, 18% used [0x00000006c0000000,0x00000006c2c5f040,0x00000006ced80000)
 Metaspace       used 93979K, capacity 96224K, committed 96536K, reserved 1134592K
  class space    used 9956K, capacity 10467K, committed 10536K, reserved 1048576K
Event: 9029.613 GC heap after
Heap after GC invocations=25 (full 3):
 PSYoungGen      total 241664K, used 37268K [0x000000076ab00000, 0x000000077ed00000, 0x00000007c0000000)
  eden space 204288K, 0% used [0x000000076ab00000,0x000000076ab00000,0x0000000777280000)
  from space 37376K, 99% used [0x000000077c880000,0x000000077ece51a8,0x000000077ed00000)
  to   space 51200K, 0% used [0x0000000778900000,0x0000000778900000,0x000000077bb00000)
 ParOldGen       total 243200K, used 45444K [0x00000006c0000000, 0x00000006ced80000, 0x000000076ab00000)
  object space 243200K, 18% used [0x00000006c0000000,0x00000006c2c61040,0x00000006ced80000)
 Metaspace       used 93979K, capacity 96224K, committed 96536K, reserved 1134592K
  class space    used 9956K, capacity 10467K, committed 10536K, reserved 1048576K
}
Event: 9035.816 GC heap before
{Heap before GC invocations=26 (full 3):
 PSYoungGen      total 241664K, used 119332K [0x000000076ab00000, 0x000000077ed00000, 0x00000007c0000000)
  eden space 204288K, 40% used [0x000000076ab00000,0x000000076fb24010,0x0000000777280000)
  from space 37376K, 99% used [0x000000077c880000,0x000000077ece51a8,0x000000077ed00000)
  to   space 51200K, 0% used [0x0000000778900000,0x0000000778900000,0x000000077bb00000)
 ParOldGen       total 243200K, used 45444K [0x00000006c0000000, 0x00000006ced80000, 0x000000076ab00000)
  object space 243200K, 18% used [0x00000006c0000000,0x00000006c2c61040,0x00000006ced80000)
 Metaspace       used 96148K, capacity 98458K, committed 98600K, reserved 1136640K
  class space    used 10095K, capacity 10626K, committed 10664K, reserved 1048576K
Event: 9035.844 GC heap after
Heap after GC invocations=26 (full 3):
 PSYoungGen      total 237056K, used 37477K [0x000000076ab00000, 0x000000077d580000, 0x00000007c0000000)
  eden space 199168K, 0% used [0x000000076ab00000,0x000000076ab00000,0x0000000776d80000)
  from space 37888K, 98% used [0x0000000778900000,0x000000077ad99748,0x000000077ae00000)
  to   space 40448K, 0% used [0x000000077ae00000,0x000000077ae00000,0x000000077d580000)
 ParOldGen       total 243200K, used 45452K [0x00000006c0000000, 0x00000006ced80000, 0x000000076ab00000)
  object space 243200K, 18% used [0x00000006c0000000,0x00000006c2c63040,0x00000006ced80000)
 Metaspace       used 96148K, capacity 98458K, committed 98600K, reserved 1136640K
  class space    used 10095K, capacity 10626K, committed 10664K, reserved 1048576K
}
Event: 9035.845 GC heap before
{Heap before GC invocations=27 (full 4):
 PSYoungGen      total 237056K, used 37477K [0x000000076ab00000, 0x000000077d580000, 0x00000007c0000000)
  eden space 199168K, 0% used [0x000000076ab00000,0x000000076ab00000,0x0000000776d80000)
  from space 37888K, 98% used [0x0000000778900000,0x000000077ad99748,0x000000077ae00000)
  to   space 40448K, 0% used [0x000000077ae00000,0x000000077ae00000,0x000000077d580000)
 ParOldGen       total 243200K, used 45452K [0x00000006c0000000, 0x00000006ced80000, 0x000000076ab00000)
  object space 243200K, 18% used [0x00000006c0000000,0x00000006c2c63040,0x00000006ced80000)
 Metaspace       used 96148K, capacity 98458K, committed 98600K, reserved 1136640K
  class space    used 10095K, capacity 10626K, committed 10664K, reserved 1048576K
Event: 9036.245 GC heap after
Heap after GC invocations=27 (full 4):
 PSYoungGen      total 237056K, used 0K [0x000000076ab00000, 0x000000077d580000, 0x00000007c0000000)
  eden space 199168K, 0% used [0x000000076ab00000,0x000000076ab00000,0x0000000776d80000)
  from space 37888K, 0% used [0x0000000778900000,0x0000000778900000,0x000000077ae00000)
  to   space 40448K, 0% used [0x000000077ae00000,0x000000077ae00000,0x000000077d580000)
 ParOldGen       total 342016K, used 69168K [0x00000006c0000000, 0x00000006d4e00000, 0x000000076ab00000)
  object space 342016K, 20% used [0x00000006c0000000,0x00000006c438c2c0,0x00000006d4e00000)
 Metaspace       used 95876K, capacity 98022K, committed 98600K, reserved 1136640K
  class space    used 10051K, capacity 10546K, committed 10664K, reserved 1048576K
}

