# JRE version: Java(TM) SE Runtime Environment (8.0_152-b16) (build 1.8.0_152-b16)
# Java VM: Java HotSpot(TM) 64-Bit Server VM (25.152-b16 mixed mode bsd-amd64 compressed oops)
Heap:
 PSYoungGen      total 529920K, used 465920K [0x000000076ab00000, 0x00000007bfd00000, 0x00000007c0000000)
  eden space 465920K, 100% used [0x000000076ab00000,0x0000000787200000,0x0000000787200000)
  from space 64000K, 0% used [0x0000000787200000,0x0000000787200000,0x000000078b080000)
  to   space 464384K, 0% used [0x00000007a3780000,0x00000007a3780000,0x00000007bfd00000)
 ParOldGen       total 2796544K, used 2796541K [0x00000006c0000000, 0x000000076ab00000, 0x000000076ab00000)
  object space 2796544K, 99% used [0x00000006c0000000,0x000000076aaff410,0x000000076ab00000)
 Metaspace       used 78139K, capacity 80338K, committed 80856K, reserved 1120256K
  class space    used 9125K, capacity 9655K, committed 9728K, reserved 1048576K
GC Heap History (10 events):
Event: 44873.102 GC heap before
{Heap before GC invocations=1400 (full 1003):
 PSYoungGen      total 529920K, used 465919K [0x000000076ab00000, 0x00000007bfd00000, 0x00000007c0000000)
  eden space 465920K, 99% used [0x000000076ab00000,0x00000007871fffe0,0x0000000787200000)
  from space 64000K, 0% used [0x0000000787200000,0x0000000787200000,0x000000078b080000)
  to   space 464384K, 0% used [0x00000007a3780000,0x00000007a3780000,0x00000007bfd00000)
 ParOldGen       total 2796544K, used 2796533K [0x00000006c0000000, 0x000000076ab00000, 0x000000076ab00000)
  object space 2796544K, 99% used [0x00000006c0000000,0x000000076aafd7b0,0x000000076ab00000)
 Metaspace       used 78139K, capacity 80338K, committed 80856K, reserved 1120256K
  class space    used 9125K, capacity 9655K, committed 9728K, reserved 1048576K
Event: 44874.998 GC heap after
Heap after GC invocations=1400 (full 1003):
 PSYoungGen      total 529920K, used 465919K [0x000000076ab00000, 0x00000007bfd00000, 0x00000007c0000000)
  eden space 465920K, 99% used [0x000000076ab00000,0x00000007871ffd50,0x0000000787200000)
  from space 64000K, 0% used [0x0000000787200000,0x0000000787200000,0x000000078b080000)
  to   space 464384K, 0% used [0x00000007a3780000,0x00000007a3780000,0x00000007bfd00000)
 ParOldGen       total 2796544K, used 2796533K [0x00000006c0000000, 0x000000076ab00000, 0x000000076ab00000)
  object space 2796544K, 99% used [0x00000006c0000000,0x000000076aafd7b0,0x000000076ab00000)
 Metaspace       used 78139K, capacity 80338K, committed 80856K, reserved 1120256K
  class space    used 9125K, capacity 9655K, committed 9728K, reserved 1048576K
}
Event: 44875.000 GC heap before
{Heap before GC invocations=1401 (full 1004):
 PSYoungGen      total 529920K, used 465920K [0x000000076ab00000, 0x00000007bfd00000, 0x00000007c0000000)
  eden space 465920K, 100% used [0x000000076ab00000,0x0000000787200000,0x0000000787200000)
  from space 64000K, 0% used [0x0000000787200000,0x0000000787200000,0x000000078b080000)
  to   space 464384K, 0% used [0x00000007a3780000,0x00000007a3780000,0x00000007bfd00000)
 ParOldGen       total 2796544K, used 2796533K [0x00000006c0000000, 0x000000076ab00000, 0x000000076ab00000)
  object space 2796544K, 99% used [0x00000006c0000000,0x000000076aafd7b0,0x000000076ab00000)
 Metaspace       used 78139K, capacity 80338K, committed 80856K, reserved 1120256K
  class space    used 9125K, capacity 9655K, committed 9728K, reserved 1048576K
Event: 44876.877 GC heap after
Heap after GC invocations=1401 (full 1004):
 PSYoungGen      total 529920K, used 465919K [0x000000076ab00000, 0x00000007bfd00000, 0x00000007c0000000)
  eden space 465920K, 99% used [0x000000076ab00000,0x00000007871ffe88,0x0000000787200000)
  from space 64000K, 0% used [0x0000000787200000,0x0000000787200000,0x000000078b080000)
  to   space 464384K, 0% used [0x00000007a3780000,0x00000007a3780000,0x00000007bfd00000)
 ParOldGen       total 2796544K, used 2796533K [0x00000006c0000000, 0x000000076ab00000, 0x000000076ab00000)
  object space 2796544K, 99% used [0x00000006c0000000,0x000000076aafd7b0,0x000000076ab00000)
 Metaspace       used 78139K, capacity 80338K, committed 80856K, reserved 1120256K
  class space    used 9125K, capacity 9655K, committed 9728K, reserved 1048576K
}
Event: 44876.879 GC heap before
{Heap before GC invocations=1402 (full 1005):
 PSYoungGen      total 529920K, used 465920K [0x000000076ab00000, 0x00000007bfd00000, 0x00000007c0000000)
  eden space 465920K, 100% used [0x000000076ab00000,0x0000000787200000,0x0000000787200000)
  from space 64000K, 0% used [0x0000000787200000,0x0000000787200000,0x000000078b080000)
  to   space 464384K, 0% used [0x00000007a3780000,0x00000007a3780000,0x00000007bfd00000)
 ParOldGen       total 2796544K, used 2796533K [0x00000006c0000000, 0x000000076ab00000, 0x000000076ab00000)
  object space 2796544K, 99% used [0x00000006c0000000,0x000000076aafd7b0,0x000000076ab00000)
 Metaspace       used 78139K, capacity 80338K, committed 80856K, reserved 1120256K
  class space    used 9125K, capacity 9655K, committed 9728K, reserved 1048576K
Event: 44878.798 GC heap after
Heap after GC invocations=1402 (full 1005):
 PSYoungGen      total 529920K, used 465919K [0x000000076ab00000, 0x00000007bfd00000, 0x00000007c0000000)
  eden space 465920K, 99% used [0x000000076ab00000,0x00000007871fff80,0x0000000787200000)
  from space 64000K, 0% used [0x0000000787200000,0x0000000787200000,0x000000078b080000)
  to   space 464384K, 0% used [0x00000007a3780000,0x00000007a3780000,0x00000007bfd00000)
 ParOldGen       total 2796544K, used 2796533K [0x00000006c0000000, 0x000000076ab00000, 0x000000076ab00000)
  object space 2796544K, 99% used [0x00000006c0000000,0x000000076aafd7b0,0x000000076ab00000)
 Metaspace       used 78139K, capacity 80338K, committed 80856K, reserved 1120256K
  class space    used 9125K, capacity 9655K, committed 9728K, reserved 1048576K
}
Event: 44878.808 GC heap before
{Heap before GC invocations=1403 (full 1006):
 PSYoungGen      total 529920K, used 465920K [0x000000076ab00000, 0x00000007bfd00000, 0x00000007c0000000)
  eden space 465920K, 100% used [0x000000076ab00000,0x0000000787200000,0x0000000787200000)
  from space 64000K, 0% used [0x0000000787200000,0x0000000787200000,0x000000078b080000)
  to   space 464384K, 0% used [0x00000007a3780000,0x00000007a3780000,0x00000007bfd00000)
 ParOldGen       total 2796544K, used 2796537K [0x00000006c0000000, 0x000000076ab00000, 0x000000076ab00000)
  object space 2796544K, 99% used [0x00000006c0000000,0x000000076aafe498,0x000000076ab00000)
 Metaspace       used 78139K, capacity 80338K, committed 80856K, reserved 1120256K
  class space    used 9125K, capacity 9655K, committed 9728K, reserved 1048576K
Event: 44880.725 GC heap after
Heap after GC invocations=1403 (full 1006):
 PSYoungGen      total 529920K, used 465919K [0x000000076ab00000, 0x00000007bfd00000, 0x00000007c0000000)
  eden space 465920K, 99% used [0x000000076ab00000,0x00000007871ffea0,0x0000000787200000)
  from space 64000K, 0% used [0x0000000787200000,0x0000000787200000,0x000000078b080000)
  to   space 464384K, 0% used [0x00000007a3780000,0x00000007a3780000,0x00000007bfd00000)
 ParOldGen       total 2796544K, used 2796535K [0x00000006c0000000, 0x000000076ab00000, 0x000000076ab00000)
  object space 2796544K, 99% used [0x00000006c0000000,0x000000076aafddd0,0x000000076ab00000)
 Metaspace       used 78139K, capacity 80338K, committed 80856K, reserved 1120256K
  class space    used 9125K, capacity 9655K, committed 9728K, reserved 1048576K
}
Event: 44880.726 GC heap before
{Heap before GC invocations=1404 (full 1007):
 PSYoungGen      total 529920K, used 465920K [0x000000076ab00000, 0x00000007bfd00000, 0x00000007c0000000)
  eden space 465920K, 100% used [0x000000076ab00000,0x0000000787200000,0x0000000787200000)
  from space 64000K, 0% used [0x0000000787200000,0x0000000787200000,0x000000078b080000)
  to   space 464384K, 0% used [0x00000007a3780000,0x00000007a3780000,0x00000007bfd00000)
 ParOldGen       total 2796544K, used 2796535K [0x00000006c0000000, 0x000000076ab00000, 0x000000076ab00000)
  object space 2796544K, 99% used [0x00000006c0000000,0x000000076aafddd0,0x000000076ab00000)
 Metaspace       used 78139K, capacity 80338K, committed 80856K, reserved 1120256K
  class space    used 9125K, capacity 9655K, committed 9728K, reserved 1048576K
Event: 44882.630 GC heap after
Heap after GC invocations=1404 (full 1007):
 PSYoungGen      total 529920K, used 465919K [0x000000076ab00000, 0x00000007bfd00000, 0x00000007c0000000)
  eden space 465920K, 99% used [0x000000076ab00000,0x00000007871ffef0,0x0000000787200000)
  from space 64000K, 0% used [0x0000000787200000,0x0000000787200000,0x000000078b080000)
  to   space 464384K, 0% used [0x00000007a3780000,0x00000007a3780000,0x00000007bfd00000)
 ParOldGen       total 2796544K, used 2796535K [0x00000006c0000000, 0x000000076ab00000, 0x000000076ab00000)
  object space 2796544K, 99% used [0x00000006c0000000,0x000000076aafdd28,0x000000076ab00000)
 Metaspace       used 78139K, capacity 80338K, committed 80856K, reserved 1120256K
  class space    used 9125K, capacity 9655K, committed 9728K, reserved 1048576K
}

