# JRE version: Java(TM) SE Runtime Environment (8.0_152-b16) (build 1.8.0_152-b16)
# Java VM: Java HotSpot(TM) 64-Bit Server VM (25.152-b16 mixed mode bsd-amd64 compressed oops)
Heap:
 PSYoungGen      total 1254912K, used 715983K [0x000000076ab00000, 0x00000007bfe80000, 0x00000007c0000000)
  eden space 1119744K, 63% used [0x000000076ab00000,0x000000079631fe00,0x00000007af080000)
  from space 135168K, 2% used [0x00000007af080000,0x00000007af394130,0x00000007b7480000)
  to   space 132096K, 0% used [0x00000007b7d80000,0x00000007b7d80000,0x00000007bfe80000)
 ParOldGen       total 320512K, used 204145K [0x00000006c0000000, 0x00000006d3900000, 0x000000076ab00000)
  object space 320512K, 63% used [0x00000006c0000000,0x00000006cc75c7b8,0x00000006d3900000)
 Metaspace       used 81179K, capacity 83766K, committed 83968K, reserved 1122304K
  class space    used 9527K, capacity 10121K, committed 10240K, reserved 1048576K
GC Heap History (10 events):
Event: 1540.726 GC heap before
{Heap before GC invocations=26 (full 3):
 PSYoungGen      total 989184K, used 865705K [0x000000076ab00000, 0x00000007b0a80000, 0x00000007c0000000)
  eden space 852480K, 99% used [0x000000076ab00000,0x000000079e9eb830,0x000000079eb80000)
  from space 136704K, 10% used [0x00000007a8500000,0x00000007a937ec00,0x00000007b0a80000)
  to   space 146944K, 0% used [0x000000079eb80000,0x000000079eb80000,0x00000007a7b00000)
 ParOldGen       total 320512K, used 193417K [0x00000006c0000000, 0x00000006d3900000, 0x000000076ab00000)
  object space 320512K, 60% used [0x00000006c0000000,0x00000006cbce2540,0x00000006d3900000)
 Metaspace       used 77939K, capacity 80408K, committed 80640K, reserved 1120256K
  class space    used 9337K, capacity 9896K, committed 9984K, reserved 1048576K
Event: 1540.745 GC heap after
Heap after GC invocations=26 (full 3):
 PSYoungGen      total 999424K, used 61176K [0x000000076ab00000, 0x00000007bff00000, 0x00000007c0000000)
  eden space 852480K, 0% used [0x000000076ab00000,0x000000076ab00000,0x000000079eb80000)
  from space 146944K, 41% used [0x000000079eb80000,0x00000007a273e240,0x00000007a7b00000)
  to   space 141312K, 0% used [0x00000007b7500000,0x00000007b7500000,0x00000007bff00000)
 ParOldGen       total 320512K, used 194625K [0x00000006c0000000, 0x00000006d3900000, 0x000000076ab00000)
  object space 320512K, 60% used [0x00000006c0000000,0x00000006cbe104a8,0x00000006d3900000)
 Metaspace       used 77939K, capacity 80408K, committed 80640K, reserved 1120256K
  class space    used 9337K, capacity 9896K, committed 9984K, reserved 1048576K
}
Event: 5067.886 GC heap before
{Heap before GC invocations=27 (full 3):
 PSYoungGen      total 999424K, used 913656K [0x000000076ab00000, 0x00000007bff00000, 0x00000007c0000000)
  eden space 852480K, 100% used [0x000000076ab00000,0x000000079eb80000,0x000000079eb80000)
  from space 146944K, 41% used [0x000000079eb80000,0x00000007a273e240,0x00000007a7b00000)
  to   space 141312K, 0% used [0x00000007b7500000,0x00000007b7500000,0x00000007bff00000)
 ParOldGen       total 320512K, used 194625K [0x00000006c0000000, 0x00000006d3900000, 0x000000076ab00000)
  object space 320512K, 60% used [0x00000006c0000000,0x00000006cbe104a8,0x00000006d3900000)
 Metaspace       used 78907K, capacity 81402K, committed 81664K, reserved 1120256K
  class space    used 9376K, capacity 9935K, committed 9984K, reserved 1048576K
Event: 5068.118 GC heap after
Heap after GC invocations=27 (full 3):
 PSYoungGen      total 1216512K, used 7616K [0x000000076ab00000, 0x00000007bea80000, 0x00000007c0000000)
  eden space 1096192K, 0% used [0x000000076ab00000,0x000000076ab00000,0x00000007ad980000)
  from space 120320K, 6% used [0x00000007b7500000,0x00000007b7c70110,0x00000007bea80000)
  to   space 139776K, 0% used [0x00000007ad980000,0x00000007ad980000,0x00000007b6200000)
 ParOldGen       total 320512K, used 195297K [0x00000006c0000000, 0x00000006d3900000, 0x000000076ab00000)
  object space 320512K, 60% used [0x00000006c0000000,0x00000006cbeb8438,0x00000006d3900000)
 Metaspace       used 78907K, capacity 81402K, committed 81664K, reserved 1120256K
  class space    used 9376K, capacity 9935K, committed 9984K, reserved 1048576K
}
Event: 6274.398 GC heap before
{Heap before GC invocations=28 (full 3):
 PSYoungGen      total 1216512K, used 1103808K [0x000000076ab00000, 0x00000007bea80000, 0x00000007c0000000)
  eden space 1096192K, 100% used [0x000000076ab00000,0x00000007ad980000,0x00000007ad980000)
  from space 120320K, 6% used [0x00000007b7500000,0x00000007b7c70110,0x00000007bea80000)
  to   space 139776K, 0% used [0x00000007ad980000,0x00000007ad980000,0x00000007b6200000)
 ParOldGen       total 320512K, used 195297K [0x00000006c0000000, 0x00000006d3900000, 0x000000076ab00000)
  object space 320512K, 60% used [0x00000006c0000000,0x00000006cbeb8438,0x00000006d3900000)
 Metaspace       used 79301K, capacity 81864K, committed 81920K, reserved 1122304K
  class space    used 9390K, capacity 9948K, committed 9984K, reserved 1048576K
Event: 6274.455 GC heap after
Heap after GC invocations=28 (full 3):
 PSYoungGen      total 1235968K, used 3968K [0x000000076ab00000, 0x00000007c0000000, 0x00000007c0000000)
  eden space 1096192K, 0% used [0x000000076ab00000,0x000000076ab00000,0x00000007ad980000)
  from space 139776K, 2% used [0x00000007ad980000,0x00000007add60170,0x00000007b6200000)
  to   space 138240K, 0% used [0x00000007b7900000,0x00000007b7900000,0x00000007c0000000)
 ParOldGen       total 320512K, used 200882K [0x00000006c0000000, 0x00000006d3900000, 0x000000076ab00000)
  object space 320512K, 62% used [0x00000006c0000000,0x00000006cc42ca68,0x00000006d3900000)
 Metaspace       used 79301K, capacity 81864K, committed 81920K, reserved 1122304K
  class space    used 9390K, capacity 9948K, committed 9984K, reserved 1048576K
}
Event: 7143.218 GC heap before
{Heap before GC invocations=29 (full 3):
 PSYoungGen      total 1235968K, used 1100160K [0x000000076ab00000, 0x00000007c0000000, 0x00000007c0000000)
  eden space 1096192K, 100% used [0x000000076ab00000,0x00000007ad980000,0x00000007ad980000)
  from space 139776K, 2% used [0x00000007ad980000,0x00000007add60170,0x00000007b6200000)
  to   space 138240K, 0% used [0x00000007b7900000,0x00000007b7900000,0x00000007c0000000)
 ParOldGen       total 320512K, used 200882K [0x00000006c0000000, 0x00000006d3900000, 0x000000076ab00000)
  object space 320512K, 62% used [0x00000006c0000000,0x00000006cc42ca68,0x00000006d3900000)
 Metaspace       used 79413K, capacity 81934K, committed 82176K, reserved 1122304K
  class space    used 9390K, capacity 9949K, committed 9984K, reserved 1048576K
Event: 7143.263 GC heap after
Heap after GC invocations=29 (full 3):
 PSYoungGen      total 1250304K, used 5920K [0x000000076ab00000, 0x00000007bf880000, 0x00000007c0000000)
  eden space 1119744K, 0% used [0x000000076ab00000,0x000000076ab00000,0x00000007af080000)
  from space 130560K, 4% used [0x00000007b7900000,0x00000007b7ec82a0,0x00000007bf880000)
  to   space 135168K, 0% used [0x00000007af080000,0x00000007af080000,0x00000007b7480000)
 ParOldGen       total 320512K, used 202697K [0x00000006c0000000, 0x00000006d3900000, 0x000000076ab00000)
  object space 320512K, 63% used [0x00000006c0000000,0x00000006cc5f27f8,0x00000006d3900000)
 Metaspace       used 79413K, capacity 81934K, committed 82176K, reserved 1122304K
  class space    used 9390K, capacity 9949K, committed 9984K, reserved 1048576K
}
Event: 8413.208 GC heap before
{Heap before GC invocations=30 (full 3):
 PSYoungGen      total 1250304K, used 1125664K [0x000000076ab00000, 0x00000007bf880000, 0x00000007c0000000)
  eden space 1119744K, 100% used [0x000000076ab00000,0x00000007af080000,0x00000007af080000)
  from space 130560K, 4% used [0x00000007b7900000,0x00000007b7ec82a0,0x00000007bf880000)
  to   space 135168K, 0% used [0x00000007af080000,0x00000007af080000,0x00000007b7480000)
 ParOldGen       total 320512K, used 202697K [0x00000006c0000000, 0x00000006d3900000, 0x000000076ab00000)
  object space 320512K, 63% used [0x00000006c0000000,0x00000006cc5f27f8,0x00000006d3900000)
 Metaspace       used 79558K, capacity 82074K, committed 82176K, reserved 1122304K
  class space    used 9392K, capacity 9951K, committed 9984K, reserved 1048576K
Event: 8413.222 GC heap after
Heap after GC invocations=30 (full 3):
 PSYoungGen      total 1254912K, used 3152K [0x000000076ab00000, 0x00000007bfe80000, 0x00000007c0000000)
  eden space 1119744K, 0% used [0x000000076ab00000,0x000000076ab00000,0x00000007af080000)
  from space 135168K, 2% used [0x00000007af080000,0x00000007af394130,0x00000007b7480000)
  to   space 132096K, 0% used [0x00000007b7d80000,0x00000007b7d80000,0x00000007bfe80000)
 ParOldGen       total 320512K, used 204145K [0x00000006c0000000, 0x00000006d3900000, 0x000000076ab00000)
  object space 320512K, 63% used [0x00000006c0000000,0x00000006cc75c7b8,0x00000006d3900000)
 Metaspace       used 79558K, capacity 82074K, committed 82176K, reserved 1122304K
  class space    used 9392K, capacity 9951K, committed 9984K, reserved 1048576K
}

